<?xml version="1.0" encoding="UTF-8"?>
<testng-results skipped="0" failed="0" ignored="0" total="1" passed="1">
  <reporter-output>
  </reporter-output>
  <suite name="Default suite" duration-ms="25221" started-at="2021-03-07T19:58:30 IST" finished-at="2021-03-07T19:58:56 IST">
    <groups>
    </groups>
    <test name="Default test" duration-ms="25221" started-at="2021-03-07T19:58:30 IST" finished-at="2021-03-07T19:58:56 IST">
      <class name="ExpediaFlight.Readimage">
        <test-method status="PASS" signature="expedia()[pri:0, instance:ExpediaFlight.Readimage@59e5ddf]" name="expedia" duration-ms="25189" started-at="2021-03-07T19:58:30 IST" finished-at="2021-03-07T19:58:56 IST">
          <reporter-output>
          </reporter-output>
        </test-method> <!-- expedia -->
      </class> <!-- ExpediaFlight.Readimage -->
    </test> <!-- Default test -->
  </suite> <!-- Default suite -->
</testng-results>
